<?xml version="1.0" encoding="UTF-8"?>
<!-- Generated by org.testng.reporters.JUnitReportReporter -->
<testsuite hostname="Acer" failures="0" tests="3" name="com.qa.Test.LoginPageTest" time="0.948" errors="0" timestamp="2024-11-27T12:14:17 IST" skipped="0">
  <testcase classname="com.qa.Test.LoginPageTest" name="LoginPageTitleTest" time="0.022"/>
  <testcase classname="com.qa.Test.LoginPageTest" name="LoginLogoTest" time="0.043"/>
  <testcase classname="com.qa.Test.LoginPageTest" name="LoginWithValidCradential" time="0.883"/>
</testsuite> <!-- com.qa.Test.LoginPageTest -->
