<?xml version="1.0" encoding="UTF-8"?>
<!-- Generated by org.testng.reporters.JUnitReportReporter -->
<testsuite hostname="Acer" failures="0" tests="2" name="com.qa.Test.HomePageTest" time="1.447" errors="0" timestamp="2024-11-27T12:14:17 IST" skipped="0">
  <testcase classname="com.qa.Test.HomePageTest" name="FilterLowToHigh" time="1.070"/>
  <testcase classname="com.qa.Test.HomePageTest" name="Price_HighToLow" time="0.377"/>
</testsuite> <!-- com.qa.Test.HomePageTest -->
